<?xml version="1.0" encoding="UTF-8"?>
<testng-results skipped="0" failed="0" ignored="0" total="1" passed="1">
  <reporter-output>
  </reporter-output>
  <suite name="Default suite" duration-ms="15671" started-at="2022-10-09T12:34:52 CDT" finished-at="2022-10-09T12:35:08 CDT">
    <groups>
    </groups>
    <test name="Default test" duration-ms="15671" started-at="2022-10-09T12:34:52 CDT" finished-at="2022-10-09T12:35:08 CDT">
      <class name="testcase.TC_02_login">
        <test-method status="PASS" signature="loadPropertyFile()[pri:0, instance:testcase.TC_02_login@5c18298f]" name="loadPropertyFile" is-config="true" duration-ms="736" started-at="2022-10-09T12:34:51 CDT" finished-at="2022-10-09T12:34:52 CDT">
          <reporter-output>
          </reporter-output>
        </test-method> <!-- loadPropertyFile -->
        <test-method status="PASS" signature="launchDriver()[pri:0, instance:testcase.TC_02_login@5c18298f]" name="launchDriver" is-config="true" duration-ms="3608" started-at="2022-10-09T12:34:52 CDT" finished-at="2022-10-09T12:34:56 CDT">
          <reporter-output>
          </reporter-output>
        </test-method> <!-- launchDriver -->
        <test-method status="PASS" signature="loginTest()[pri:0, instance:testcase.TC_02_login@5c18298f]" name="loginTest" duration-ms="10582" started-at="2022-10-09T12:34:56 CDT" finished-at="2022-10-09T12:35:06 CDT">
          <reporter-output>
          </reporter-output>
        </test-method> <!-- loginTest -->
        <test-method status="PASS" signature="teardown()[pri:0, instance:testcase.TC_02_login@5c18298f]" name="teardown" is-config="true" duration-ms="1461" started-at="2022-10-09T12:35:06 CDT" finished-at="2022-10-09T12:35:08 CDT">
          <reporter-output>
          </reporter-output>
        </test-method> <!-- teardown -->
      </class> <!-- testcase.TC_02_login -->
    </test> <!-- Default test -->
  </suite> <!-- Default suite -->
</testng-results>
