<?xml version="1.0" encoding="UTF-8"?>
<!-- Generated by org.testng.reporters.JUnitXMLReporter -->
<testsuite hostname="Balajis-MBP.lan" ignored="2" name="Test" tests="3" failures="0" timestamp="2022-10-08T21:26:07 CDT" time="69.897" errors="0">
  <testcase name="loginTest" time="10.061" classname="testcase.TC_02_login"/>
  <testcase name="Navigation" time="23.952" classname="testcase.TC_01_Navigation"/>
  <testcase name="usercreation" time="23.469" classname="testcase.TC_03_CreateUser"/>
  <testcase name="@BeforeSuite loadPropertyFile" time="0.0" classname="base.BaseClass">
    <ignored/>
  </testcase> <!-- @BeforeSuite loadPropertyFile -->
  <testcase name="@BeforeSuite loadPropertyFile" time="0.0" classname="base.BaseClass">
    <ignored/>
  </testcase> <!-- @BeforeSuite loadPropertyFile -->
</testsuite> <!-- Test -->
